<?xml version="1.0" encoding="UTF-8"?>
<testng-results ignored="0" total="3" passed="3" failed="0" skipped="0">
  <reporter-output>
  </reporter-output>
  <suite started-at="2023-07-09T21:28:25 IST" name="TestSuite" finished-at="2023-07-09T21:29:48 IST" duration-ms="82829">
    <groups>
    </groups>
    <test started-at="2023-07-09T21:28:25 IST" name="EdgeTest" finished-at="2023-07-09T21:28:47 IST" duration-ms="22166">
      <class name="Automation.CrossBrowser">
        <test-method is-config="true" signature="setUp(java.lang.String)[pri:0, instance:Automation.CrossBrowser@3eb25e1a]" started-at="2023-07-09T21:28:25 IST" name="setUp" finished-at="2023-07-09T21:28:32 IST" duration-ms="7002" status="PASS">
          <params>
            <param index="0">
              <value>
                <![CDATA[Edge]]>
              </value>
            </param>
          </params>
          <reporter-output>
          </reporter-output>
        </test-method> <!-- setUp -->
        <test-method signature="test()[pri:0, instance:Automation.CrossBrowser@3eb25e1a]" started-at="2023-07-09T21:28:32 IST" name="test" finished-at="2023-07-09T21:28:47 IST" duration-ms="15014" status="PASS">
          <reporter-output>
          </reporter-output>
        </test-method> <!-- test -->
        <test-method is-config="true" signature="afterTest()[pri:0, instance:Automation.CrossBrowser@3eb25e1a]" started-at="2023-07-09T21:28:47 IST" name="afterTest" finished-at="2023-07-09T21:28:47 IST" duration-ms="1" status="PASS">
          <reporter-output>
          </reporter-output>
        </test-method> <!-- afterTest -->
      </class> <!-- Automation.CrossBrowser -->
    </test> <!-- EdgeTest -->
    <test started-at="2023-07-09T21:28:25 IST" name="FirefoxTest" finished-at="2023-07-09T21:28:48 IST" duration-ms="23132">
      <class name="Automation.CrossBrowser">
        <test-method is-config="true" signature="setUp(java.lang.String)[pri:0, instance:Automation.CrossBrowser@31190526]" started-at="2023-07-09T21:28:25 IST" name="setUp" finished-at="2023-07-09T21:28:33 IST" duration-ms="7506" status="PASS">
          <params>
            <param index="0">
              <value>
                <![CDATA[Chrome]]>
              </value>
            </param>
          </params>
          <reporter-output>
          </reporter-output>
        </test-method> <!-- setUp -->
        <test-method signature="test()[pri:0, instance:Automation.CrossBrowser@31190526]" started-at="2023-07-09T21:28:33 IST" name="test" finished-at="2023-07-09T21:28:48 IST" duration-ms="15592" status="PASS">
          <reporter-output>
          </reporter-output>
        </test-method> <!-- test -->
        <test-method is-config="true" signature="afterTest()[pri:0, instance:Automation.CrossBrowser@31190526]" started-at="2023-07-09T21:28:48 IST" name="afterTest" finished-at="2023-07-09T21:28:48 IST" duration-ms="1" status="PASS">
          <reporter-output>
          </reporter-output>
        </test-method> <!-- afterTest -->
      </class> <!-- Automation.CrossBrowser -->
    </test> <!-- FirefoxTest -->
    <test started-at="2023-07-09T21:28:25 IST" name="ChromeTest" finished-at="2023-07-09T21:29:48 IST" duration-ms="82829">
      <class name="Automation.CrossBrowser">
        <test-method is-config="true" signature="setUp(java.lang.String)[pri:0, instance:Automation.CrossBrowser@3590fc5b]" started-at="2023-07-09T21:28:25 IST" name="setUp" finished-at="2023-07-09T21:29:13 IST" duration-ms="47849" status="PASS">
          <params>
            <param index="0">
              <value>
                <![CDATA[Firefox]]>
              </value>
            </param>
          </params>
          <reporter-output>
          </reporter-output>
        </test-method> <!-- setUp -->
        <test-method signature="test()[pri:0, instance:Automation.CrossBrowser@3590fc5b]" started-at="2023-07-09T21:29:13 IST" name="test" finished-at="2023-07-09T21:29:48 IST" duration-ms="34959" status="PASS">
          <reporter-output>
          </reporter-output>
        </test-method> <!-- test -->
        <test-method is-config="true" signature="afterTest()[pri:0, instance:Automation.CrossBrowser@3590fc5b]" started-at="2023-07-09T21:29:48 IST" name="afterTest" finished-at="2023-07-09T21:29:48 IST" duration-ms="1" status="PASS">
          <reporter-output>
          </reporter-output>
        </test-method> <!-- afterTest -->
      </class> <!-- Automation.CrossBrowser -->
    </test> <!-- ChromeTest -->
  </suite> <!-- TestSuite -->
</testng-results>
